> Task :compileJava UP-TO-DATE
> Task :processResources UP-TO-DATE
> Task :classes UP-TO-DATE

> Task :run
März 26, 2026 8:34:31 AM database.DatabaseManager prepareDatabasePath
INFORMATION: Using SQLite database at /home/awuster/.local/share/salt-marcher/game.db
März 26, 2026 8:34:31 AM ui.bootstrap.SaltMarcherApp logDatabaseState
INFORMATION: Database is empty. Run ./scripts/crawl.sh to populate monster data.
CorridorPlanningEngine: stairFootprint=[CubePoint[x=8, y=-5, z=-1], CubePoint[x=7, y=-5, z=0]]
CorridorPlanningEngine: corridorCells=[CubePoint[x=11, y=-5, z=-1], CubePoint[x=10, y=-5, z=-1], CubePoint[x=9, y=-5, z=-1]]
CorridorPlanningEngine: treeCells=[CubePoint[x=8, y=-5, z=-1], CubePoint[x=11, y=-5, z=-1], CubePoint[x=10, y=-5, z=-1], CubePoint[x=9, y=-5, z=-1], CubePoint[x=7, y=-5, z=0]]
CorridorPlanningEngine: stairFootprint=[CubePoint[x=8, y=-5, z=-1], CubePoint[x=7, y=-5, z=0]]
CorridorPlanningEngine: corridorCells=[CubePoint[x=11, y=-5, z=-1], CubePoint[x=10, y=-5, z=-1], CubePoint[x=9, y=-5, z=-1]]
CorridorPlanningEngine: treeCells=[CubePoint[x=8, y=-5, z=-1], CubePoint[x=11, y=-5, z=-1], CubePoint[x=10, y=-5, z=-1], CubePoint[x=9, y=-5, z=-1], CubePoint[x=7, y=-5, z=0]]
CorridorPlanningEngine: stairFootprint=[CubePoint[x=8, y=-5, z=-1], CubePoint[x=7, y=-5, z=0]]
CorridorPlanningEngine: corridorCells=[CubePoint[x=11, y=-5, z=-1], CubePoint[x=10, y=-5, z=-1], CubePoint[x=9, y=-5, z=-1]]
CorridorPlanningEngine: treeCells=[CubePoint[x=8, y=-5, z=-1], CubePoint[x=11, y=-5, z=-1], CubePoint[x=10, y=-5, z=-1], CubePoint[x=9, y=-5, z=-1], CubePoint[x=7, y=-5, z=0]]
CorridorPlanningEngine: stairFootprint=[CubePoint[x=8, y=-5, z=-1], CubePoint[x=7, y=-5, z=0]]
CorridorPlanningEngine: corridorCells=[CubePoint[x=11, y=-5, z=-1], CubePoint[x=10, y=-5, z=-1], CubePoint[x=9, y=-5, z=-1]]
CorridorPlanningEngine: treeCells=[CubePoint[x=8, y=-5, z=-1], CubePoint[x=11, y=-5, z=-1], CubePoint[x=10, y=-5, z=-1], CubePoint[x=9, y=-5, z=-1], CubePoint[x=7, y=-5, z=0]]
CorridorPlanningEngine: stairFootprint=[CubePoint[x=8, y=-2, z=-1], CubePoint[x=7, y=-2, z=0]]
CorridorPlanningEngine: corridorCells=[CubePoint[x=11, y=-2, z=-1], CubePoint[x=10, y=-2, z=-1], CubePoint[x=9, y=-2, z=-1]]
CorridorPlanningEngine: treeCells=[CubePoint[x=11, y=-2, z=-1], CubePoint[x=10, y=-2, z=-1], CubePoint[x=9, y=-2, z=-1], CubePoint[x=7, y=-2, z=0], CubePoint[x=8, y=-2, z=-1]]
CorridorPlanningEngine: stairFootprint=[CubePoint[x=8, y=-2, z=-1], CubePoint[x=7, y=-2, z=0]]
CorridorPlanningEngine: corridorCells=[CubePoint[x=11, y=-2, z=-1], CubePoint[x=10, y=-2, z=-1], CubePoint[x=9, y=-2, z=-1]]
CorridorPlanningEngine: treeCells=[CubePoint[x=11, y=-2, z=-1], CubePoint[x=10, y=-2, z=-1], CubePoint[x=9, y=-2, z=-1], CubePoint[x=7, y=-2, z=0], CubePoint[x=8, y=-2, z=-1]]
CorridorPlanningEngine: stairFootprint=[CubePoint[x=8, y=-2, z=-1], CubePoint[x=7, y=-2, z=0]]
CorridorPlanningEngine: corridorCells=[CubePoint[x=11, y=-2, z=-1], CubePoint[x=10, y=-2, z=-1], CubePoint[x=9, y=-2, z=-1]]
CorridorPlanningEngine: treeCells=[CubePoint[x=11, y=-2, z=-1], CubePoint[x=10, y=-2, z=-1], CubePoint[x=9, y=-2, z=-1], CubePoint[x=7, y=-2, z=0], CubePoint[x=8, y=-2, z=-1]]
CorridorPlanningEngine: stairFootprint=[CubePoint[x=8, y=-6, z=-1], CubePoint[x=7, y=-6, z=0]]
CorridorPlanningEngine: corridorCells=[CubePoint[x=10, y=-6, z=-1], CubePoint[x=11, y=-6, z=-1], CubePoint[x=9, y=-6, z=-1]]
CorridorPlanningEngine: treeCells=[CubePoint[x=7, y=-6, z=0], CubePoint[x=8, y=-6, z=-1], CubePoint[x=10, y=-6, z=-1], CubePoint[x=11, y=-6, z=-1], CubePoint[x=9, y=-6, z=-1]]
CorridorPlanningEngine: stairFootprint=[CubePoint[x=8, y=-6, z=-1], CubePoint[x=7, y=-6, z=0]]
CorridorPlanningEngine: corridorCells=[CubePoint[x=10, y=-6, z=-1], CubePoint[x=11, y=-6, z=-1], CubePoint[x=9, y=-6, z=-1]]
CorridorPlanningEngine: treeCells=[CubePoint[x=7, y=-6, z=0], CubePoint[x=8, y=-6, z=-1], CubePoint[x=10, y=-6, z=-1], CubePoint[x=11, y=-6, z=-1], CubePoint[x=9, y=-6, z=-1]]
CorridorPlanningEngine: stairFootprint=[CubePoint[x=8, y=-6, z=-1], CubePoint[x=7, y=-6, z=0]]
CorridorPlanningEngine: corridorCells=[CubePoint[x=10, y=-6, z=-1], CubePoint[x=12, y=-6, z=-1], CubePoint[x=11, y=-6, z=-1], CubePoint[x=9, y=-6, z=-1]]
CorridorPlanningEngine: treeCells=[CubePoint[x=7, y=-6, z=0], CubePoint[x=8, y=-6, z=-1], CubePoint[x=10, y=-6, z=-1], CubePoint[x=12, y=-6, z=-1], CubePoint[x=11, y=-6, z=-1], CubePoint[x=9, y=-6, z=-1]]
CorridorPlanningEngine: stairFootprint=[CubePoint[x=8, y=-3, z=-1], CubePoint[x=7, y=-3, z=0]]
CorridorPlanningEngine: corridorCells=[CubePoint[x=11, y=-3, z=-1], CubePoint[x=10, y=-3, z=-1], CubePoint[x=9, y=-3, z=-1], CubePoint[x=12, y=-3, z=-1]]
CorridorPlanningEngine: treeCells=[CubePoint[x=11, y=-3, z=-1], CubePoint[x=10, y=-3, z=-1], CubePoint[x=9, y=-3, z=-1], CubePoint[x=7, y=-3, z=0], CubePoint[x=8, y=-3, z=-1], CubePoint[x=12, y=-3, z=-1]]
CorridorPlanningEngine: stairFootprint=[CubePoint[x=8, y=-6, z=-1], CubePoint[x=7, y=-6, z=0]]
CorridorPlanningEngine: corridorCells=[CubePoint[x=10, y=-6, z=-1], CubePoint[x=13, y=-6, z=-1], CubePoint[x=11, y=-6, z=-1], CubePoint[x=9, y=-6, z=-1], CubePoint[x=12, y=-6, z=-1]]
CorridorPlanningEngine: treeCells=[CubePoint[x=7, y=-6, z=0], CubePoint[x=10, y=-6, z=-1], CubePoint[x=13, y=-6, z=-1], CubePoint[x=8, y=-6, z=-1], CubePoint[x=11, y=-6, z=-1], CubePoint[x=9, y=-6, z=-1], CubePoint[x=12, y=-6, z=-1]]
CorridorPlanningEngine: stairFootprint=[CubePoint[x=8, y=-3, z=-1], CubePoint[x=7, y=-3, z=0]]
CorridorPlanningEngine: corridorCells=[CubePoint[x=9, y=-3, z=-1], CubePoint[x=12, y=-3, z=-1], CubePoint[x=10, y=-3, z=-1], CubePoint[x=13, y=-3, z=-1], CubePoint[x=11, y=-3, z=-1]]
CorridorPlanningEngine: treeCells=[CubePoint[x=9, y=-3, z=-1], CubePoint[x=12, y=-3, z=-1], CubePoint[x=7, y=-3, z=0], CubePoint[x=10, y=-3, z=-1], CubePoint[x=13, y=-3, z=-1], CubePoint[x=8, y=-3, z=-1], CubePoint[x=11, y=-3, z=-1]]
CorridorPlanningEngine: stairFootprint=[CubePoint[x=8, y=-3, z=-1], CubePoint[x=7, y=-3, z=0]]
CorridorPlanningEngine: corridorCells=[CubePoint[x=9, y=-3, z=-1], CubePoint[x=12, y=-3, z=-1], CubePoint[x=10, y=-3, z=-1], CubePoint[x=13, y=-3, z=-1], CubePoint[x=11, y=-3, z=-1]]
CorridorPlanningEngine: treeCells=[CubePoint[x=9, y=-3, z=-1], CubePoint[x=12, y=-3, z=-1], CubePoint[x=7, y=-3, z=0], CubePoint[x=10, y=-3, z=-1], CubePoint[x=13, y=-3, z=-1], CubePoint[x=8, y=-3, z=-1], CubePoint[x=11, y=-3, z=-1]]
CorridorPlanningEngine: stairFootprint=[CubePoint[x=8, y=-2, z=-1], CubePoint[x=7, y=-2, z=0]]
CorridorPlanningEngine: corridorCells=[CubePoint[x=12, y=-2, z=-1], CubePoint[x=10, y=-2, z=-1], CubePoint[x=13, y=-2, z=-1], CubePoint[x=11, y=-2, z=-1], CubePoint[x=9, y=-2, z=-1]]
CorridorPlanningEngine: treeCells=[CubePoint[x=12, y=-2, z=-1], CubePoint[x=7, y=-2, z=0], CubePoint[x=10, y=-2, z=-1], CubePoint[x=13, y=-2, z=-1], CubePoint[x=8, y=-2, z=-1], CubePoint[x=11, y=-2, z=-1], CubePoint[x=9, y=-2, z=-1]]
CorridorPlanningEngine: stairFootprint=[CubePoint[x=8, y=-1, z=-1], CubePoint[x=7, y=-1, z=0]]
CorridorPlanningEngine: corridorCells=[CubePoint[x=9, y=-1, z=-1], CubePoint[x=12, y=-1, z=-1], CubePoint[x=11, y=-1, z=-1], CubePoint[x=10, y=-1, z=-1]]
CorridorPlanningEngine: treeCells=[CubePoint[x=9, y=-1, z=-1], CubePoint[x=7, y=-1, z=0], CubePoint[x=8, y=-1, z=-1], CubePoint[x=12, y=-1, z=-1], CubePoint[x=11, y=-1, z=-1], CubePoint[x=10, y=-1, z=-1]]
CorridorPlanningEngine: stairFootprint=[CubePoint[x=8, y=-1, z=-1], CubePoint[x=7, y=-1, z=0]]
CorridorPlanningEngine: corridorCells=[CubePoint[x=11, y=-1, z=-1], CubePoint[x=10, y=-1, z=-1], CubePoint[x=9, y=-1, z=-1]]
CorridorPlanningEngine: treeCells=[CubePoint[x=11, y=-1, z=-1], CubePoint[x=10, y=-1, z=-1], CubePoint[x=9, y=-1, z=-1], CubePoint[x=7, y=-1, z=0], CubePoint[x=8, y=-1, z=-1]]
CorridorPlanningEngine: stairFootprint=[CubePoint[x=8, y=-3, z=-1], CubePoint[x=7, y=-3, z=0]]
CorridorPlanningEngine: corridorCells=[CubePoint[x=10, y=-3, z=-1], CubePoint[x=9, y=-3, z=-1]]
CorridorPlanningEngine: treeCells=[CubePoint[x=10, y=-3, z=-1], CubePoint[x=9, y=-3, z=-1], CubePoint[x=7, y=-3, z=0], CubePoint[x=8, y=-3, z=-1]]
CorridorPlanningEngine: stairFootprint=[CubePoint[x=8, y=-2, z=-1], CubePoint[x=7, y=-2, z=0]]
CorridorPlanningEngine: corridorCells=[CubePoint[x=10, y=-2, z=-1], CubePoint[x=9, y=-2, z=-1]]
CorridorPlanningEngine: treeCells=[CubePoint[x=8, y=-2, z=-1], CubePoint[x=10, y=-2, z=-1], CubePoint[x=9, y=-2, z=-1], CubePoint[x=7, y=-2, z=0]]
CorridorPlanningEngine: stairFootprint=[CubePoint[x=8, y=-4, z=-1], CubePoint[x=7, y=-4, z=0]]
CorridorPlanningEngine: corridorCells=[CubePoint[x=9, y=-4, z=-1]]
CorridorPlanningEngine: treeCells=[CubePoint[x=9, y=-4, z=-1], CubePoint[x=7, y=-4, z=0], CubePoint[x=8, y=-4, z=-1]]
CorridorPlanningEngine: stairFootprint=[CubePoint[x=8, y=-4, z=-1], CubePoint[x=7, y=-4, z=0]]
CorridorPlanningEngine: corridorCells=[CubePoint[x=9, y=-4, z=-1]]
CorridorPlanningEngine: treeCells=[CubePoint[x=9, y=-4, z=-1], CubePoint[x=7, y=-4, z=0], CubePoint[x=8, y=-4, z=-1]]
CorridorPlanningEngine: stairFootprint=[CubePoint[x=8, y=-2, z=-1], CubePoint[x=7, y=-2, z=0]]
CorridorPlanningEngine: corridorCells=[CubePoint[x=10, y=-2, z=-1], CubePoint[x=9, y=-2, z=-1]]
CorridorPlanningEngine: treeCells=[CubePoint[x=8, y=-2, z=-1], CubePoint[x=10, y=-2, z=-1], CubePoint[x=9, y=-2, z=-1], CubePoint[x=7, y=-2, z=0]]
CorridorPlanningEngine: stairFootprint=[CubePoint[x=8, y=-4, z=-1], CubePoint[x=7, y=-4, z=0]]
CorridorPlanningEngine: corridorCells=[CubePoint[x=10, y=-4, z=-1], CubePoint[x=9, y=-4, z=-1]]
CorridorPlanningEngine: treeCells=[CubePoint[x=10, y=-4, z=-1], CubePoint[x=9, y=-4, z=-1], CubePoint[x=7, y=-4, z=0], CubePoint[x=8, y=-4, z=-1]]
CorridorPlanningEngine: stairFootprint=[CubePoint[x=8, y=-6, z=-1], CubePoint[x=7, y=-6, z=0]]
CorridorPlanningEngine: corridorCells=[CubePoint[x=10, y=-6, z=-1], CubePoint[x=11, y=-6, z=-1], CubePoint[x=9, y=-6, z=-1]]
CorridorPlanningEngine: treeCells=[CubePoint[x=7, y=-6, z=0], CubePoint[x=8, y=-6, z=-1], CubePoint[x=10, y=-6, z=-1], CubePoint[x=11, y=-6, z=-1], CubePoint[x=9, y=-6, z=-1]]
CorridorPlanningEngine: stairFootprint=[CubePoint[x=8, y=-3, z=-1], CubePoint[x=7, y=-3, z=0]]
CorridorPlanningEngine: corridorCells=[CubePoint[x=11, y=-3, z=-1], CubePoint[x=10, y=-3, z=-1], CubePoint[x=9, y=-3, z=-1], CubePoint[x=12, y=-3, z=-1]]
CorridorPlanningEngine: treeCells=[CubePoint[x=11, y=-3, z=-1], CubePoint[x=10, y=-3, z=-1], CubePoint[x=9, y=-3, z=-1], CubePoint[x=7, y=-3, z=0], CubePoint[x=8, y=-3, z=-1], CubePoint[x=12, y=-3, z=-1]]
CorridorPlanningEngine: stairFootprint=[CubePoint[x=8, y=-6, z=-1], CubePoint[x=7, y=-6, z=0]]
CorridorPlanningEngine: corridorCells=[CubePoint[x=10, y=-6, z=-1], CubePoint[x=13, y=-6, z=-1], CubePoint[x=11, y=-6, z=-1], CubePoint[x=9, y=-6, z=-1], CubePoint[x=12, y=-6, z=-1]]
CorridorPlanningEngine: treeCells=[CubePoint[x=7, y=-6, z=0], CubePoint[x=10, y=-6, z=-1], CubePoint[x=13, y=-6, z=-1], CubePoint[x=8, y=-6, z=-1], CubePoint[x=11, y=-6, z=-1], CubePoint[x=9, y=-6, z=-1], CubePoint[x=12, y=-6, z=-1]]
CorridorPlanningEngine: stairFootprint=[CubePoint[x=8, y=-2, z=-1], CubePoint[x=7, y=-2, z=0]]
CorridorPlanningEngine: corridorCells=[CubePoint[x=11, y=-2, z=-1], CubePoint[x=10, y=-2, z=-1], CubePoint[x=9, y=-2, z=-1]]
CorridorPlanningEngine: treeCells=[CubePoint[x=11, y=-2, z=-1], CubePoint[x=10, y=-2, z=-1], CubePoint[x=9, y=-2, z=-1], CubePoint[x=7, y=-2, z=0], CubePoint[x=8, y=-2, z=-1]]
CorridorPlanningEngine: stairFootprint=[CubePoint[x=8, y=-6, z=-1], CubePoint[x=7, y=-6, z=0]]
CorridorPlanningEngine: corridorCells=[CubePoint[x=10, y=-6, z=-1], CubePoint[x=13, y=-6, z=-1], CubePoint[x=11, y=-6, z=-1], CubePoint[x=9, y=-6, z=-1], CubePoint[x=12, y=-6, z=-1]]
CorridorPlanningEngine: treeCells=[CubePoint[x=7, y=-6, z=0], CubePoint[x=10, y=-6, z=-1], CubePoint[x=13, y=-6, z=-1], CubePoint[x=8, y=-6, z=-1], CubePoint[x=11, y=-6, z=-1], CubePoint[x=9, y=-6, z=-1], CubePoint[x=12, y=-6, z=-1]]
CorridorPlanningEngine: stairFootprint=[CubePoint[x=8, y=-6, z=-1], CubePoint[x=7, y=-6, z=0]]
CorridorPlanningEngine: corridorCells=[CubePoint[x=10, y=-6, z=-1], CubePoint[x=13, y=-6, z=-1], CubePoint[x=11, y=-6, z=-1], CubePoint[x=9, y=-6, z=-1], CubePoint[x=12, y=-6, z=-1]]
CorridorPlanningEngine: treeCells=[CubePoint[x=7, y=-6, z=0], CubePoint[x=10, y=-6, z=-1], CubePoint[x=13, y=-6, z=-1], CubePoint[x=8, y=-6, z=-1], CubePoint[x=11, y=-6, z=-1], CubePoint[x=9, y=-6, z=-1], CubePoint[x=12, y=-6, z=-1]]

BUILD SUCCESSFUL in 4m 32s
3 actionable tasks: 1 executed, 2 up-to-date
