=== Review Loop gestartet ===
Ziel:       src/features/world/dungeonmap
Rotation:   review-quality review-architecture review-quality review-structure
Logs:       /home/awuster/Schreibtisch/SaltMarcher/logs/quality-loop
Stoppen:    Ctrl+C

────────────────────────────────────────
Zyklus 1  (20260319-092235)  [review-quality]
────────────────────────────────────────
[1/3] Review läuft (review-quality)...
[1/3] Review abgeschlossen.
[2/3] 10 Aufgabe(n) gefunden.
  [1/10] Starte Umsetzung...
  **Gemeinsame Corridor-Farb-Auflösung extrahieren**
  [1/10] Erledigt + kompiliert.
  [2/10] Starte Umsetzung...
  **Gemeinsame Corridor-Marker-Rendering-Logik zwischen Grid und Graph konsolidieren**
  [2/10] Erledigt + kompiliert.
  [3/10] Starte Umsetzung...
  **DungeonGridVertexSupport: Duale Vertex-Suche konsolidieren**
  [3/10] Erledigt + kompiliert.
  [4/10] Starte Umsetzung...
  **DungeonSelection-Dispatch in sealed interface verlagern**
  [4/10] Erledigt + kompiliert.
  [5/10] Starte Umsetzung...
  **DungeonPanePrimaryPressHandler.handleRoomToolPress dekomponieren**
  [5/10] Erledigt + kompiliert.
  [6/10] Starte Umsetzung...
  **DungeonPaneInteractionServices: Holder-Array-Pattern durch Builder ersetzen**
  [6/10] Erledigt + kompiliert.
  [7/10] Starte Umsetzung...
  **DungeonBaseGridViewportRenderer: Render-State als Parameter-Objekt einführen**
  [7/10] Erledigt + kompiliert.
  [8/10] Starte Umsetzung...
  **CorridorConnectionCandidateFactory.connectionCandidates aufteilen**
  [8/10] Erledigt + kompiliert.
  [9/10] Starte Umsetzung...
  **Hit-Test-Delegate-Duplikation zwischen Grid und Graph reduzieren**
